[07-Nov-2024 12:51:46 UTC] PHP Warning:  file_get_contents(): https:// wrapper is disabled in the server configuration by allow_url_fopen=0 in /var/www/html/wp-content/plugins/kvk-company-search/kvk-proxy.php on line 26
[07-Nov-2024 12:51:46 UTC] PHP Warning:  file_get_contents(https://api.kvk.nl/api/v1/companies?query=sustainable): failed to open stream: no suitable wrapper could be found in /var/www/html/wp-content/plugins/kvk-company-search/kvk-proxy.php on line 26
[07-Nov-2024 12:51:47 UTC] PHP Warning:  file_get_contents(): https:// wrapper is disabled in the server configuration by allow_url_fopen=0 in /var/www/html/wp-content/plugins/kvk-company-search/kvk-proxy.php on line 26
[07-Nov-2024 12:51:47 UTC] PHP Warning:  file_get_contents(https://api.kvk.nl/api/v1/companies?query=sustainable): failed to open stream: no suitable wrapper could be found in /var/www/html/wp-content/plugins/kvk-company-search/kvk-proxy.php on line 26
[07-Nov-2024 12:51:55 UTC] PHP Warning:  file_get_contents(): https:// wrapper is disabled in the server configuration by allow_url_fopen=0 in /var/www/html/wp-content/plugins/kvk-company-search/kvk-proxy.php on line 26
[07-Nov-2024 12:51:55 UTC] PHP Warning:  file_get_contents(https://api.kvk.nl/api/v1/companies?query=85994847): failed to open stream: no suitable wrapper could be found in /var/www/html/wp-content/plugins/kvk-company-search/kvk-proxy.php on line 26
[07-Nov-2024 12:51:56 UTC] PHP Warning:  file_get_contents(): https:// wrapper is disabled in the server configuration by allow_url_fopen=0 in /var/www/html/wp-content/plugins/kvk-company-search/kvk-proxy.php on line 26
[07-Nov-2024 12:51:56 UTC] PHP Warning:  file_get_contents(https://api.kvk.nl/api/v1/companies?query=85994847): failed to open stream: no suitable wrapper could be found in /var/www/html/wp-content/plugins/kvk-company-search/kvk-proxy.php on line 26
[07-Nov-2024 12:51:56 UTC] PHP Warning:  file_get_contents(): https:// wrapper is disabled in the server configuration by allow_url_fopen=0 in /var/www/html/wp-content/plugins/kvk-company-search/kvk-proxy.php on line 26
[07-Nov-2024 12:51:56 UTC] PHP Warning:  file_get_contents(https://api.kvk.nl/api/v1/companies?query=85994847): failed to open stream: no suitable wrapper could be found in /var/www/html/wp-content/plugins/kvk-company-search/kvk-proxy.php on line 26
[07-Nov-2024 12:51:57 UTC] PHP Warning:  file_get_contents(): https:// wrapper is disabled in the server configuration by allow_url_fopen=0 in /var/www/html/wp-content/plugins/kvk-company-search/kvk-proxy.php on line 26
[07-Nov-2024 12:51:57 UTC] PHP Warning:  file_get_contents(https://api.kvk.nl/api/v1/companies?query=85994847): failed to open stream: no suitable wrapper could be found in /var/www/html/wp-content/plugins/kvk-company-search/kvk-proxy.php on line 26
[07-Nov-2024 12:53:52 UTC] PHP Warning:  file_get_contents(): https:// wrapper is disabled in the server configuration by allow_url_fopen=0 in /var/www/html/wp-content/plugins/kvk-company-search/kvk-proxy.php on line 26
[07-Nov-2024 12:53:52 UTC] PHP Warning:  file_get_contents(https://api.kvk.nl/api/v1/companies?query=test): failed to open stream: no suitable wrapper could be found in /var/www/html/wp-content/plugins/kvk-company-search/kvk-proxy.php on line 26
[07-Nov-2024 12:59:56 UTC] PHP Warning:  file_get_contents(): https:// wrapper is disabled in the server configuration by allow_url_fopen=0 in /var/www/html/wp-content/plugins/kvk-company-search/kvk-proxy.php on line 26
[07-Nov-2024 12:59:56 UTC] PHP Warning:  file_get_contents(https://api.kvk.nl/api/v1/zoeken?handelsnaam=sportschool&amp;pagina=1&amp;resultatenPerPagina=5): failed to open stream: no suitable wrapper could be found in /var/www/html/wp-content/plugins/kvk-company-search/kvk-proxy.php on line 26
[07-Nov-2024 12:59:57 UTC] PHP Warning:  file_get_contents(): https:// wrapper is disabled in the server configuration by allow_url_fopen=0 in /var/www/html/wp-content/plugins/kvk-company-search/kvk-proxy.php on line 26
[07-Nov-2024 12:59:57 UTC] PHP Warning:  file_get_contents(https://api.kvk.nl/api/v1/zoeken?handelsnaam=sportschool&amp;pagina=1&amp;resultatenPerPagina=5): failed to open stream: no suitable wrapper could be found in /var/www/html/wp-content/plugins/kvk-company-search/kvk-proxy.php on line 26
[07-Nov-2024 12:59:57 UTC] PHP Warning:  file_get_contents(): https:// wrapper is disabled in the server configuration by allow_url_fopen=0 in /var/www/html/wp-content/plugins/kvk-company-search/kvk-proxy.php on line 26
[07-Nov-2024 12:59:57 UTC] PHP Warning:  file_get_contents(https://api.kvk.nl/api/v1/zoeken?handelsnaam=sportschool&amp;pagina=1&amp;resultatenPerPagina=5): failed to open stream: no suitable wrapper could be found in /var/www/html/wp-content/plugins/kvk-company-search/kvk-proxy.php on line 26
[07-Nov-2024 12:59:58 UTC] PHP Warning:  file_get_contents(): https:// wrapper is disabled in the server configuration by allow_url_fopen=0 in /var/www/html/wp-content/plugins/kvk-company-search/kvk-proxy.php on line 26
[07-Nov-2024 12:59:58 UTC] PHP Warning:  file_get_contents(https://api.kvk.nl/api/v1/zoeken?handelsnaam=sportschool&amp;pagina=1&amp;resultatenPerPagina=5): failed to open stream: no suitable wrapper could be found in /var/www/html/wp-content/plugins/kvk-company-search/kvk-proxy.php on line 26
[07-Nov-2024 13:00:03 UTC] PHP Warning:  file_get_contents(): https:// wrapper is disabled in the server configuration by allow_url_fopen=0 in /var/www/html/wp-content/plugins/kvk-company-search/kvk-proxy.php on line 26
[07-Nov-2024 13:00:03 UTC] PHP Warning:  file_get_contents(https://api.kvk.nl/api/v1/zoeken?handelsnaam=sportschool&amp;pagina=1&amp;resultatenPerPagina=5): failed to open stream: no suitable wrapper could be found in /var/www/html/wp-content/plugins/kvk-company-search/kvk-proxy.php on line 26
[07-Nov-2024 13:00:04 UTC] PHP Warning:  file_get_contents(): https:// wrapper is disabled in the server configuration by allow_url_fopen=0 in /var/www/html/wp-content/plugins/kvk-company-search/kvk-proxy.php on line 26
[07-Nov-2024 13:00:04 UTC] PHP Warning:  file_get_contents(https://api.kvk.nl/api/v1/zoeken?handelsnaam=sportschool&amp;pagina=1&amp;resultatenPerPagina=5): failed to open stream: no suitable wrapper could be found in /var/www/html/wp-content/plugins/kvk-company-search/kvk-proxy.php on line 26
[07-Nov-2024 13:00:26 UTC] PHP Warning:  file_get_contents(): https:// wrapper is disabled in the server configuration by allow_url_fopen=0 in /var/www/html/wp-content/plugins/kvk-company-search/kvk-proxy.php on line 26
[07-Nov-2024 13:00:26 UTC] PHP Warning:  file_get_contents(https://api.kvk.nl/api/v1/zoeken?handelsnaam=sustainab&amp;pagina=1&amp;resultatenPerPagina=5): failed to open stream: no suitable wrapper could be found in /var/www/html/wp-content/plugins/kvk-company-search/kvk-proxy.php on line 26
[07-Nov-2024 13:00:26 UTC] PHP Warning:  file_get_contents(): https:// wrapper is disabled in the server configuration by allow_url_fopen=0 in /var/www/html/wp-content/plugins/kvk-company-search/kvk-proxy.php on line 26
[07-Nov-2024 13:00:26 UTC] PHP Warning:  file_get_contents(https://api.kvk.nl/api/v1/zoeken?handelsnaam=sustainab&amp;pagina=1&amp;resultatenPerPagina=5): failed to open stream: no suitable wrapper could be found in /var/www/html/wp-content/plugins/kvk-company-search/kvk-proxy.php on line 26
[07-Nov-2024 13:00:27 UTC] PHP Warning:  file_get_contents(): https:// wrapper is disabled in the server configuration by allow_url_fopen=0 in /var/www/html/wp-content/plugins/kvk-company-search/kvk-proxy.php on line 26
[07-Nov-2024 13:00:27 UTC] PHP Warning:  file_get_contents(https://api.kvk.nl/api/v1/zoeken?handelsnaam=sustainab&amp;pagina=1&amp;resultatenPerPagina=5): failed to open stream: no suitable wrapper could be found in /var/www/html/wp-content/plugins/kvk-company-search/kvk-proxy.php on line 26
[07-Nov-2024 13:01:09 UTC] PHP Warning:  file_get_contents(): https:// wrapper is disabled in the server configuration by allow_url_fopen=0 in /var/www/html/wp-content/plugins/kvk-company-search/kvk-proxy.php on line 26
[07-Nov-2024 13:01:09 UTC] PHP Warning:  file_get_contents(https://api.kvk.nl/api/v1/zoeken?handelsnaam=ajax&amp;pagina=1&amp;resultatenPerPagina=5): failed to open stream: no suitable wrapper could be found in /var/www/html/wp-content/plugins/kvk-company-search/kvk-proxy.php on line 26
[07-Nov-2024 13:01:10 UTC] PHP Warning:  file_get_contents(): https:// wrapper is disabled in the server configuration by allow_url_fopen=0 in /var/www/html/wp-content/plugins/kvk-company-search/kvk-proxy.php on line 26
[07-Nov-2024 13:01:10 UTC] PHP Warning:  file_get_contents(https://api.kvk.nl/api/v1/zoeken?handelsnaam=ajax&amp;pagina=1&amp;resultatenPerPagina=5): failed to open stream: no suitable wrapper could be found in /var/www/html/wp-content/plugins/kvk-company-search/kvk-proxy.php on line 26
[07-Nov-2024 13:01:10 UTC] PHP Warning:  file_get_contents(): https:// wrapper is disabled in the server configuration by allow_url_fopen=0 in /var/www/html/wp-content/plugins/kvk-company-search/kvk-proxy.php on line 26
[07-Nov-2024 13:01:10 UTC] PHP Warning:  file_get_contents(https://api.kvk.nl/api/v1/zoeken?handelsnaam=ajax&amp;pagina=1&amp;resultatenPerPagina=5): failed to open stream: no suitable wrapper could be found in /var/www/html/wp-content/plugins/kvk-company-search/kvk-proxy.php on line 26
[07-Nov-2024 13:01:10 UTC] PHP Warning:  file_get_contents(): https:// wrapper is disabled in the server configuration by allow_url_fopen=0 in /var/www/html/wp-content/plugins/kvk-company-search/kvk-proxy.php on line 26
[07-Nov-2024 13:01:10 UTC] PHP Warning:  file_get_contents(https://api.kvk.nl/api/v1/zoeken?handelsnaam=ajax&amp;pagina=1&amp;resultatenPerPagina=5): failed to open stream: no suitable wrapper could be found in /var/www/html/wp-content/plugins/kvk-company-search/kvk-proxy.php on line 26
[07-Nov-2024 13:03:38 UTC] PHP Warning:  file_get_contents(): https:// wrapper is disabled in the server configuration by allow_url_fopen=0 in /var/www/html/wp-content/plugins/kvk-company-search/kvk-proxy.php on line 26
[07-Nov-2024 13:03:38 UTC] PHP Warning:  file_get_contents(https://api.kvk.nl/api/v1/zoeken?handelsnaam=ajax&amp;pagina=1&amp;resultatenPerPagina=5): failed to open stream: no suitable wrapper could be found in /var/www/html/wp-content/plugins/kvk-company-search/kvk-proxy.php on line 26
[07-Nov-2024 13:03:39 UTC] PHP Warning:  file_get_contents(): https:// wrapper is disabled in the server configuration by allow_url_fopen=0 in /var/www/html/wp-content/plugins/kvk-company-search/kvk-proxy.php on line 26
[07-Nov-2024 13:03:39 UTC] PHP Warning:  file_get_contents(https://api.kvk.nl/api/v1/zoeken?handelsnaam=ajax&amp;pagina=1&amp;resultatenPerPagina=5): failed to open stream: no suitable wrapper could be found in /var/www/html/wp-content/plugins/kvk-company-search/kvk-proxy.php on line 26
[07-Nov-2024 13:03:39 UTC] PHP Warning:  file_get_contents(): https:// wrapper is disabled in the server configuration by allow_url_fopen=0 in /var/www/html/wp-content/plugins/kvk-company-search/kvk-proxy.php on line 26
[07-Nov-2024 13:03:39 UTC] PHP Warning:  file_get_contents(https://api.kvk.nl/api/v1/zoeken?handelsnaam=ajax&amp;pagina=1&amp;resultatenPerPagina=5): failed to open stream: no suitable wrapper could be found in /var/www/html/wp-content/plugins/kvk-company-search/kvk-proxy.php on line 26
[07-Nov-2024 13:03:39 UTC] PHP Warning:  file_get_contents(): https:// wrapper is disabled in the server configuration by allow_url_fopen=0 in /var/www/html/wp-content/plugins/kvk-company-search/kvk-proxy.php on line 26
[07-Nov-2024 13:03:39 UTC] PHP Warning:  file_get_contents(https://api.kvk.nl/api/v1/zoeken?handelsnaam=ajax&amp;pagina=1&amp;resultatenPerPagina=5): failed to open stream: no suitable wrapper could be found in /var/www/html/wp-content/plugins/kvk-company-search/kvk-proxy.php on line 26
[07-Nov-2024 13:04:40 UTC] PHP Warning:  file_get_contents(): https:// wrapper is disabled in the server configuration by allow_url_fopen=0 in /var/www/html/wp-content/plugins/kvk-company-search/kvk-proxy.php on line 29
[07-Nov-2024 13:04:40 UTC] PHP Warning:  file_get_contents(https://jsonplaceholder.typicode.com/todos/1): failed to open stream: no suitable wrapper could be found in /var/www/html/wp-content/plugins/kvk-company-search/kvk-proxy.php on line 29
[07-Nov-2024 13:04:40 UTC] PHP Warning:  file_get_contents(): https:// wrapper is disabled in the server configuration by allow_url_fopen=0 in /var/www/html/wp-content/plugins/kvk-company-search/kvk-proxy.php on line 29
[07-Nov-2024 13:04:40 UTC] PHP Warning:  file_get_contents(https://jsonplaceholder.typicode.com/todos/1): failed to open stream: no suitable wrapper could be found in /var/www/html/wp-content/plugins/kvk-company-search/kvk-proxy.php on line 29
[07-Nov-2024 13:04:40 UTC] PHP Warning:  file_get_contents(): https:// wrapper is disabled in the server configuration by allow_url_fopen=0 in /var/www/html/wp-content/plugins/kvk-company-search/kvk-proxy.php on line 29
[07-Nov-2024 13:04:40 UTC] PHP Warning:  file_get_contents(https://jsonplaceholder.typicode.com/todos/1): failed to open stream: no suitable wrapper could be found in /var/www/html/wp-content/plugins/kvk-company-search/kvk-proxy.php on line 29
[07-Nov-2024 13:04:41 UTC] PHP Warning:  file_get_contents(): https:// wrapper is disabled in the server configuration by allow_url_fopen=0 in /var/www/html/wp-content/plugins/kvk-company-search/kvk-proxy.php on line 29
[07-Nov-2024 13:04:41 UTC] PHP Warning:  file_get_contents(https://jsonplaceholder.typicode.com/todos/1): failed to open stream: no suitable wrapper could be found in /var/www/html/wp-content/plugins/kvk-company-search/kvk-proxy.php on line 29
[07-Nov-2024 13:05:59 UTC] PHP Warning:  file_get_contents(): https:// wrapper is disabled in the server configuration by allow_url_fopen=0 in /var/www/html/wp-content/plugins/kvk-company-search/kvk-proxy.php on line 29
[07-Nov-2024 13:05:59 UTC] PHP Warning:  file_get_contents(https://jsonplaceholder.typicode.com/todos/1): failed to open stream: no suitable wrapper could be found in /var/www/html/wp-content/plugins/kvk-company-search/kvk-proxy.php on line 29
[07-Nov-2024 13:10:27 UTC] PHP Warning:  file_get_contents(): https:// wrapper is disabled in the server configuration by allow_url_fopen=0 in /var/www/html/wp-content/plugins/kvk-company-search/kvk-proxy.php on line 26
[07-Nov-2024 13:10:27 UTC] PHP Warning:  file_get_contents(https://api.kvk.nl/api/v1/zoeken?handelsnaam=teest&amp;pagina=1&amp;resultatenPerPagina=5): failed to open stream: no suitable wrapper could be found in /var/www/html/wp-content/plugins/kvk-company-search/kvk-proxy.php on line 26
[07-Nov-2024 13:10:28 UTC] PHP Warning:  file_get_contents(): https:// wrapper is disabled in the server configuration by allow_url_fopen=0 in /var/www/html/wp-content/plugins/kvk-company-search/kvk-proxy.php on line 26
[07-Nov-2024 13:10:28 UTC] PHP Warning:  file_get_contents(https://api.kvk.nl/api/v1/zoeken?handelsnaam=teest&amp;pagina=1&amp;resultatenPerPagina=5): failed to open stream: no suitable wrapper could be found in /var/www/html/wp-content/plugins/kvk-company-search/kvk-proxy.php on line 26
[07-Nov-2024 13:10:28 UTC] PHP Warning:  file_get_contents(): https:// wrapper is disabled in the server configuration by allow_url_fopen=0 in /var/www/html/wp-content/plugins/kvk-company-search/kvk-proxy.php on line 26
[07-Nov-2024 13:10:28 UTC] PHP Warning:  file_get_contents(https://api.kvk.nl/api/v1/zoeken?handelsnaam=teest&amp;pagina=1&amp;resultatenPerPagina=5): failed to open stream: no suitable wrapper could be found in /var/www/html/wp-content/plugins/kvk-company-search/kvk-proxy.php on line 26
[07-Nov-2024 13:10:28 UTC] PHP Warning:  file_get_contents(): https:// wrapper is disabled in the server configuration by allow_url_fopen=0 in /var/www/html/wp-content/plugins/kvk-company-search/kvk-proxy.php on line 26
[07-Nov-2024 13:10:28 UTC] PHP Warning:  file_get_contents(https://api.kvk.nl/api/v1/zoeken?handelsnaam=teest&amp;pagina=1&amp;resultatenPerPagina=5): failed to open stream: no suitable wrapper could be found in /var/www/html/wp-content/plugins/kvk-company-search/kvk-proxy.php on line 26
[07-Nov-2024 13:10:33 UTC] PHP Warning:  file_get_contents(): https:// wrapper is disabled in the server configuration by allow_url_fopen=0 in /var/www/html/wp-content/plugins/kvk-company-search/kvk-proxy.php on line 26
[07-Nov-2024 13:10:33 UTC] PHP Warning:  file_get_contents(https://api.kvk.nl/api/v1/zoeken?handelsnaam=auto&amp;pagina=1&amp;resultatenPerPagina=5): failed to open stream: no suitable wrapper could be found in /var/www/html/wp-content/plugins/kvk-company-search/kvk-proxy.php on line 26
[07-Nov-2024 13:10:34 UTC] PHP Warning:  file_get_contents(): https:// wrapper is disabled in the server configuration by allow_url_fopen=0 in /var/www/html/wp-content/plugins/kvk-company-search/kvk-proxy.php on line 26
[07-Nov-2024 13:10:34 UTC] PHP Warning:  file_get_contents(https://api.kvk.nl/api/v1/zoeken?handelsnaam=auto&amp;pagina=1&amp;resultatenPerPagina=5): failed to open stream: no suitable wrapper could be found in /var/www/html/wp-content/plugins/kvk-company-search/kvk-proxy.php on line 26
[07-Nov-2024 13:10:34 UTC] PHP Warning:  file_get_contents(): https:// wrapper is disabled in the server configuration by allow_url_fopen=0 in /var/www/html/wp-content/plugins/kvk-company-search/kvk-proxy.php on line 26
[07-Nov-2024 13:10:34 UTC] PHP Warning:  file_get_contents(https://api.kvk.nl/api/v1/zoeken?handelsnaam=auto&amp;pagina=1&amp;resultatenPerPagina=5): failed to open stream: no suitable wrapper could be found in /var/www/html/wp-content/plugins/kvk-company-search/kvk-proxy.php on line 26
[07-Nov-2024 13:10:35 UTC] PHP Warning:  file_get_contents(): https:// wrapper is disabled in the server configuration by allow_url_fopen=0 in /var/www/html/wp-content/plugins/kvk-company-search/kvk-proxy.php on line 26
[07-Nov-2024 13:10:35 UTC] PHP Warning:  file_get_contents(https://api.kvk.nl/api/v1/zoeken?handelsnaam=auto&amp;pagina=1&amp;resultatenPerPagina=5): failed to open stream: no suitable wrapper could be found in /var/www/html/wp-content/plugins/kvk-company-search/kvk-proxy.php on line 26
[07-Nov-2024 13:10:35 UTC] PHP Warning:  file_get_contents(): https:// wrapper is disabled in the server configuration by allow_url_fopen=0 in /var/www/html/wp-content/plugins/kvk-company-search/kvk-proxy.php on line 26
[07-Nov-2024 13:10:35 UTC] PHP Warning:  file_get_contents(https://api.kvk.nl/api/v1/zoeken?handelsnaam=auto&amp;pagina=1&amp;resultatenPerPagina=5): failed to open stream: no suitable wrapper could be found in /var/www/html/wp-content/plugins/kvk-company-search/kvk-proxy.php on line 26
[07-Nov-2024 13:11:53 UTC] PHP Warning:  file_get_contents(): https:// wrapper is disabled in the server configuration by allow_url_fopen=0 in /var/www/html/wp-content/plugins/kvk-company-search/kvk-proxy.php on line 26
[07-Nov-2024 13:11:53 UTC] PHP Warning:  file_get_contents(https://api.kvk.nl/api/v1/zoeken?handelsnaam=auto&amp;pagina=1&amp;resultatenPerPagina=5): failed to open stream: no suitable wrapper could be found in /var/www/html/wp-content/plugins/kvk-company-search/kvk-proxy.php on line 26
[07-Nov-2024 13:11:54 UTC] PHP Warning:  file_get_contents(): https:// wrapper is disabled in the server configuration by allow_url_fopen=0 in /var/www/html/wp-content/plugins/kvk-company-search/kvk-proxy.php on line 26
[07-Nov-2024 13:11:54 UTC] PHP Warning:  file_get_contents(https://api.kvk.nl/api/v1/zoeken?handelsnaam=auto&amp;pagina=1&amp;resultatenPerPagina=5): failed to open stream: no suitable wrapper could be found in /var/www/html/wp-content/plugins/kvk-company-search/kvk-proxy.php on line 26
[07-Nov-2024 13:11:54 UTC] PHP Warning:  file_get_contents(): https:// wrapper is disabled in the server configuration by allow_url_fopen=0 in /var/www/html/wp-content/plugins/kvk-company-search/kvk-proxy.php on line 26
[07-Nov-2024 13:11:54 UTC] PHP Warning:  file_get_contents(https://api.kvk.nl/api/v1/zoeken?handelsnaam=auto&amp;pagina=1&amp;resultatenPerPagina=5): failed to open stream: no suitable wrapper could be found in /var/www/html/wp-content/plugins/kvk-company-search/kvk-proxy.php on line 26
[07-Nov-2024 13:11:54 UTC] PHP Warning:  file_get_contents(): https:// wrapper is disabled in the server configuration by allow_url_fopen=0 in /var/www/html/wp-content/plugins/kvk-company-search/kvk-proxy.php on line 26
[07-Nov-2024 13:11:54 UTC] PHP Warning:  file_get_contents(https://api.kvk.nl/api/v1/zoeken?handelsnaam=auto&amp;pagina=1&amp;resultatenPerPagina=5): failed to open stream: no suitable wrapper could be found in /var/www/html/wp-content/plugins/kvk-company-search/kvk-proxy.php on line 26
[07-Nov-2024 13:14:10 UTC] PHP Warning:  file_get_contents(): https:// wrapper is disabled in the server configuration by allow_url_fopen=0 in /var/www/html/wp-content/plugins/kvk-company-search/kvk-proxy.php on line 26
[07-Nov-2024 13:14:10 UTC] PHP Warning:  file_get_contents(https://api.kvk.nl/api/v1/zoeken?handelsnaam=auto&amp;pagina=1&amp;resultatenPerPagina=5): failed to open stream: no suitable wrapper could be found in /var/www/html/wp-content/plugins/kvk-company-search/kvk-proxy.php on line 26
[07-Nov-2024 13:14:11 UTC] PHP Warning:  file_get_contents(): https:// wrapper is disabled in the server configuration by allow_url_fopen=0 in /var/www/html/wp-content/plugins/kvk-company-search/kvk-proxy.php on line 26
[07-Nov-2024 13:14:11 UTC] PHP Warning:  file_get_contents(https://api.kvk.nl/api/v1/zoeken?handelsnaam=auto&amp;pagina=1&amp;resultatenPerPagina=5): failed to open stream: no suitable wrapper could be found in /var/www/html/wp-content/plugins/kvk-company-search/kvk-proxy.php on line 26
[07-Nov-2024 13:14:11 UTC] PHP Warning:  file_get_contents(): https:// wrapper is disabled in the server configuration by allow_url_fopen=0 in /var/www/html/wp-content/plugins/kvk-company-search/kvk-proxy.php on line 26
[07-Nov-2024 13:14:11 UTC] PHP Warning:  file_get_contents(https://api.kvk.nl/api/v1/zoeken?handelsnaam=auto&amp;pagina=1&amp;resultatenPerPagina=5): failed to open stream: no suitable wrapper could be found in /var/www/html/wp-content/plugins/kvk-company-search/kvk-proxy.php on line 26
[07-Nov-2024 13:14:14 UTC] PHP Warning:  file_get_contents(): https:// wrapper is disabled in the server configuration by allow_url_fopen=0 in /var/www/html/wp-content/plugins/kvk-company-search/kvk-proxy.php on line 26
[07-Nov-2024 13:14:14 UTC] PHP Warning:  file_get_contents(https://api.kvk.nl/api/v1/zoeken?handelsnaam=&amp;pagina=1&amp;resultatenPerPagina=5): failed to open stream: no suitable wrapper could be found in /var/www/html/wp-content/plugins/kvk-company-search/kvk-proxy.php on line 26
[07-Nov-2024 13:14:15 UTC] PHP Warning:  file_get_contents(): https:// wrapper is disabled in the server configuration by allow_url_fopen=0 in /var/www/html/wp-content/plugins/kvk-company-search/kvk-proxy.php on line 26
[07-Nov-2024 13:14:15 UTC] PHP Warning:  file_get_contents(https://api.kvk.nl/api/v1/zoeken?handelsnaam=&amp;pagina=1&amp;resultatenPerPagina=5): failed to open stream: no suitable wrapper could be found in /var/www/html/wp-content/plugins/kvk-company-search/kvk-proxy.php on line 26
[07-Nov-2024 13:20:50 UTC] PHP Warning:  file_get_contents(): https:// wrapper is disabled in the server configuration by allow_url_fopen=0 in /var/www/html/wp-content/plugins/kvk-company-search/kvk-proxy.php on line 26
[07-Nov-2024 13:20:50 UTC] PHP Warning:  file_get_contents(https://api.kvk.nl/api/v1/zoeken?handelsnaam=test&amp;pagina=1&amp;resultatenPerPagina=5): failed to open stream: no suitable wrapper could be found in /var/www/html/wp-content/plugins/kvk-company-search/kvk-proxy.php on line 26
[07-Nov-2024 13:20:52 UTC] PHP Warning:  file_get_contents(): https:// wrapper is disabled in the server configuration by allow_url_fopen=0 in /var/www/html/wp-content/plugins/kvk-company-search/kvk-proxy.php on line 26
[07-Nov-2024 13:20:52 UTC] PHP Warning:  file_get_contents(https://api.kvk.nl/api/v1/zoeken?handelsnaam=test&amp;pagina=1&amp;resultatenPerPagina=5): failed to open stream: no suitable wrapper could be found in /var/www/html/wp-content/plugins/kvk-company-search/kvk-proxy.php on line 26
[07-Nov-2024 13:20:52 UTC] PHP Warning:  file_get_contents(): https:// wrapper is disabled in the server configuration by allow_url_fopen=0 in /var/www/html/wp-content/plugins/kvk-company-search/kvk-proxy.php on line 26
[07-Nov-2024 13:20:52 UTC] PHP Warning:  file_get_contents(https://api.kvk.nl/api/v1/zoeken?handelsnaam=test&amp;pagina=1&amp;resultatenPerPagina=5): failed to open stream: no suitable wrapper could be found in /var/www/html/wp-content/plugins/kvk-company-search/kvk-proxy.php on line 26
[07-Nov-2024 13:20:52 UTC] PHP Warning:  file_get_contents(): https:// wrapper is disabled in the server configuration by allow_url_fopen=0 in /var/www/html/wp-content/plugins/kvk-company-search/kvk-proxy.php on line 26
[07-Nov-2024 13:20:52 UTC] PHP Warning:  file_get_contents(https://api.kvk.nl/api/v1/zoeken?handelsnaam=test&amp;pagina=1&amp;resultatenPerPagina=5): failed to open stream: no suitable wrapper could be found in /var/www/html/wp-content/plugins/kvk-company-search/kvk-proxy.php on line 26
[07-Nov-2024 13:20:52 UTC] PHP Warning:  file_get_contents(): https:// wrapper is disabled in the server configuration by allow_url_fopen=0 in /var/www/html/wp-content/plugins/kvk-company-search/kvk-proxy.php on line 26
[07-Nov-2024 13:20:52 UTC] PHP Warning:  file_get_contents(https://api.kvk.nl/api/v1/zoeken?handelsnaam=test&amp;pagina=1&amp;resultatenPerPagina=5): failed to open stream: no suitable wrapper could be found in /var/www/html/wp-content/plugins/kvk-company-search/kvk-proxy.php on line 26
[07-Nov-2024 13:21:41 UTC] PHP Warning:  file_get_contents(): https:// wrapper is disabled in the server configuration by allow_url_fopen=0 in /var/www/html/wp-content/plugins/kvk-company-search/kvk-proxy.php on line 26
[07-Nov-2024 13:21:41 UTC] PHP Warning:  file_get_contents(https://api.kvk.nl/api/v1/zoeken?handelsnaam=&amp;pagina=1&amp;resultatenPerPagina=5): failed to open stream: no suitable wrapper could be found in /var/www/html/wp-content/plugins/kvk-company-search/kvk-proxy.php on line 26
[07-Nov-2024 13:21:42 UTC] PHP Warning:  file_get_contents(): https:// wrapper is disabled in the server configuration by allow_url_fopen=0 in /var/www/html/wp-content/plugins/kvk-company-search/kvk-proxy.php on line 26
[07-Nov-2024 13:21:42 UTC] PHP Warning:  file_get_contents(https://api.kvk.nl/api/v1/zoeken?handelsnaam=&amp;pagina=1&amp;resultatenPerPagina=5): failed to open stream: no suitable wrapper could be found in /var/www/html/wp-content/plugins/kvk-company-search/kvk-proxy.php on line 26
[07-Nov-2024 13:24:05 UTC] PHP Warning:  file_get_contents(): https:// wrapper is disabled in the server configuration by allow_url_fopen=0 in /var/www/html/wp-content/plugins/kvk-company-search/kvk-proxy.php on line 26
[07-Nov-2024 13:24:05 UTC] PHP Warning:  file_get_contents(https://api.kvk.nl/api/v1/zoeken?handelsnaam=sustainable&amp;pagina=1&amp;resultatenPerPagina=5): failed to open stream: no suitable wrapper could be found in /var/www/html/wp-content/plugins/kvk-company-search/kvk-proxy.php on line 26
[07-Nov-2024 13:27:59 UTC] PHP Warning:  file_get_contents(): https:// wrapper is disabled in the server configuration by allow_url_fopen=0 in /var/www/html/wp-content/plugins/kvk-company-search/kvk-proxy.php on line 26
[07-Nov-2024 13:27:59 UTC] PHP Warning:  file_get_contents(https://api.kvk.nl/api/v1/zoeken?handelsnaam=sustainable&amp;pagina=1&amp;resultatenPerPagina=5): failed to open stream: no suitable wrapper could be found in /var/www/html/wp-content/plugins/kvk-company-search/kvk-proxy.php on line 26
[07-Nov-2024 13:27:59 UTC] PHP Warning:  file_get_contents(): https:// wrapper is disabled in the server configuration by allow_url_fopen=0 in /var/www/html/wp-content/plugins/kvk-company-search/kvk-proxy.php on line 26
[07-Nov-2024 13:27:59 UTC] PHP Warning:  file_get_contents(https://api.kvk.nl/api/v1/zoeken?handelsnaam=sustainable&amp;pagina=1&amp;resultatenPerPagina=5): failed to open stream: no suitable wrapper could be found in /var/www/html/wp-content/plugins/kvk-company-search/kvk-proxy.php on line 26
[07-Nov-2024 13:28:01 UTC] PHP Warning:  file_get_contents(): https:// wrapper is disabled in the server configuration by allow_url_fopen=0 in /var/www/html/wp-content/plugins/kvk-company-search/kvk-proxy.php on line 26
[07-Nov-2024 13:28:01 UTC] PHP Warning:  file_get_contents(https://api.kvk.nl/api/v1/zoeken?handelsnaam=&amp;pagina=1&amp;resultatenPerPagina=5): failed to open stream: no suitable wrapper could be found in /var/www/html/wp-content/plugins/kvk-company-search/kvk-proxy.php on line 26
[08-Nov-2024 19:40:29 UTC] PHP Warning:  file_get_contents(): https:// wrapper is disabled in the server configuration by allow_url_fopen=0 in /var/www/html/wp-content/plugins/kvk-company-search/kvk-proxy.php on line 26
[08-Nov-2024 19:40:29 UTC] PHP Warning:  file_get_contents(https://api.kvk.nl/api/v1/zoeken?handelsnaam=85994847&amp;pagina=1&amp;resultatenPerPagina=5): failed to open stream: no suitable wrapper could be found in /var/www/html/wp-content/plugins/kvk-company-search/kvk-proxy.php on line 26
[08-Nov-2024 19:40:30 UTC] PHP Warning:  file_get_contents(): https:// wrapper is disabled in the server configuration by allow_url_fopen=0 in /var/www/html/wp-content/plugins/kvk-company-search/kvk-proxy.php on line 26
[08-Nov-2024 19:40:30 UTC] PHP Warning:  file_get_contents(https://api.kvk.nl/api/v1/zoeken?handelsnaam=85994847&amp;pagina=1&amp;resultatenPerPagina=5): failed to open stream: no suitable wrapper could be found in /var/www/html/wp-content/plugins/kvk-company-search/kvk-proxy.php on line 26
[08-Nov-2024 19:54:41 UTC] PHP Warning:  file_get_contents(): https:// wrapper is disabled in the server configuration by allow_url_fopen=0 in /var/www/html/wp-content/plugins/kvk-company-search/kvk-proxy.php on line 26
[08-Nov-2024 19:54:41 UTC] PHP Warning:  file_get_contents(https://api.kvk.nl/api/v1/zoeken?handelsnaam=85994847&amp;pagina=1&amp;resultatenPerPagina=5): failed to open stream: no suitable wrapper could be found in /var/www/html/wp-content/plugins/kvk-company-search/kvk-proxy.php on line 26
[08-Nov-2024 19:54:43 UTC] PHP Warning:  file_get_contents(): https:// wrapper is disabled in the server configuration by allow_url_fopen=0 in /var/www/html/wp-content/plugins/kvk-company-search/kvk-proxy.php on line 26
[08-Nov-2024 19:54:43 UTC] PHP Warning:  file_get_contents(https://api.kvk.nl/api/v1/zoeken?handelsnaam=85994847&amp;pagina=1&amp;resultatenPerPagina=5): failed to open stream: no suitable wrapper could be found in /var/www/html/wp-content/plugins/kvk-company-search/kvk-proxy.php on line 26
[09-Nov-2024 06:40:06 UTC] PHP Warning:  file_get_contents(): https:// wrapper is disabled in the server configuration by allow_url_fopen=0 in /var/www/html/wp-content/plugins/kvk-company-search/kvk-proxy.php on line 26
[09-Nov-2024 06:40:06 UTC] PHP Warning:  file_get_contents(https://api.kvk.nl/api/v1/zoeken?handelsnaam=blauwe+link&amp;pagina=1&amp;resultatenPerPagina=5): failed to open stream: no suitable wrapper could be found in /var/www/html/wp-content/plugins/kvk-company-search/kvk-proxy.php on line 26
[09-Nov-2024 06:40:07 UTC] PHP Warning:  file_get_contents(): https:// wrapper is disabled in the server configuration by allow_url_fopen=0 in /var/www/html/wp-content/plugins/kvk-company-search/kvk-proxy.php on line 26
[09-Nov-2024 06:40:07 UTC] PHP Warning:  file_get_contents(https://api.kvk.nl/api/v1/zoeken?handelsnaam=blauwe+link&amp;pagina=1&amp;resultatenPerPagina=5): failed to open stream: no suitable wrapper could be found in /var/www/html/wp-content/plugins/kvk-company-search/kvk-proxy.php on line 26
[09-Nov-2024 06:40:07 UTC] PHP Warning:  file_get_contents(): https:// wrapper is disabled in the server configuration by allow_url_fopen=0 in /var/www/html/wp-content/plugins/kvk-company-search/kvk-proxy.php on line 26
[09-Nov-2024 06:40:07 UTC] PHP Warning:  file_get_contents(https://api.kvk.nl/api/v1/zoeken?handelsnaam=blauwe+link&amp;pagina=1&amp;resultatenPerPagina=5): failed to open stream: no suitable wrapper could be found in /var/www/html/wp-content/plugins/kvk-company-search/kvk-proxy.php on line 26
[09-Nov-2024 06:40:09 UTC] PHP Warning:  file_get_contents(): https:// wrapper is disabled in the server configuration by allow_url_fopen=0 in /var/www/html/wp-content/plugins/kvk-company-search/kvk-proxy.php on line 26
[09-Nov-2024 06:40:09 UTC] PHP Warning:  file_get_contents(https://api.kvk.nl/api/v1/zoeken?handelsnaam=&amp;pagina=1&amp;resultatenPerPagina=5): failed to open stream: no suitable wrapper could be found in /var/www/html/wp-content/plugins/kvk-company-search/kvk-proxy.php on line 26
[09-Nov-2024 06:40:10 UTC] PHP Warning:  file_get_contents(): https:// wrapper is disabled in the server configuration by allow_url_fopen=0 in /var/www/html/wp-content/plugins/kvk-company-search/kvk-proxy.php on line 26
[09-Nov-2024 06:40:10 UTC] PHP Warning:  file_get_contents(https://api.kvk.nl/api/v1/zoeken?handelsnaam=&amp;pagina=1&amp;resultatenPerPagina=5): failed to open stream: no suitable wrapper could be found in /var/www/html/wp-content/plugins/kvk-company-search/kvk-proxy.php on line 26
[09-Nov-2024 06:51:39 UTC] PHP Warning:  file_get_contents(): https:// wrapper is disabled in the server configuration by allow_url_fopen=0 in /var/www/html/wp-content/plugins/kvk-company-search/kvk-proxy.php on line 26
[09-Nov-2024 06:51:39 UTC] PHP Warning:  file_get_contents(https://api.kvk.nl/api/v1/zoeken?handelsnaam=sustainable&amp;pagina=1&amp;resultatenPerPagina=5): failed to open stream: no suitable wrapper could be found in /var/www/html/wp-content/plugins/kvk-company-search/kvk-proxy.php on line 26
[09-Nov-2024 06:51:45 UTC] PHP Warning:  file_get_contents(): https:// wrapper is disabled in the server configuration by allow_url_fopen=0 in /var/www/html/wp-content/plugins/kvk-company-search/kvk-proxy.php on line 26
[09-Nov-2024 06:51:45 UTC] PHP Warning:  file_get_contents(https://api.kvk.nl/api/v1/zoeken?handelsnaam=85994847&amp;pagina=1&amp;resultatenPerPagina=5): failed to open stream: no suitable wrapper could be found in /var/www/html/wp-content/plugins/kvk-company-search/kvk-proxy.php on line 26
[09-Nov-2024 06:51:46 UTC] PHP Warning:  file_get_contents(): https:// wrapper is disabled in the server configuration by allow_url_fopen=0 in /var/www/html/wp-content/plugins/kvk-company-search/kvk-proxy.php on line 26
[09-Nov-2024 06:51:46 UTC] PHP Warning:  file_get_contents(https://api.kvk.nl/api/v1/zoeken?handelsnaam=85994847&amp;pagina=1&amp;resultatenPerPagina=5): failed to open stream: no suitable wrapper could be found in /var/www/html/wp-content/plugins/kvk-company-search/kvk-proxy.php on line 26
[09-Nov-2024 06:51:46 UTC] PHP Warning:  file_get_contents(): https:// wrapper is disabled in the server configuration by allow_url_fopen=0 in /var/www/html/wp-content/plugins/kvk-company-search/kvk-proxy.php on line 26
[09-Nov-2024 06:51:46 UTC] PHP Warning:  file_get_contents(https://api.kvk.nl/api/v1/zoeken?handelsnaam=85994847&amp;pagina=1&amp;resultatenPerPagina=5): failed to open stream: no suitable wrapper could be found in /var/www/html/wp-content/plugins/kvk-company-search/kvk-proxy.php on line 26
[09-Nov-2024 06:51:46 UTC] PHP Warning:  file_get_contents(): https:// wrapper is disabled in the server configuration by allow_url_fopen=0 in /var/www/html/wp-content/plugins/kvk-company-search/kvk-proxy.php on line 26
[09-Nov-2024 06:51:46 UTC] PHP Warning:  file_get_contents(https://api.kvk.nl/api/v1/zoeken?handelsnaam=85994847&amp;pagina=1&amp;resultatenPerPagina=5): failed to open stream: no suitable wrapper could be found in /var/www/html/wp-content/plugins/kvk-company-search/kvk-proxy.php on line 26
[09-Nov-2024 06:51:48 UTC] PHP Warning:  file_get_contents(): https:// wrapper is disabled in the server configuration by allow_url_fopen=0 in /var/www/html/wp-content/plugins/kvk-company-search/kvk-proxy.php on line 26
[09-Nov-2024 06:51:48 UTC] PHP Warning:  file_get_contents(https://api.kvk.nl/api/v1/zoeken?handelsnaam=85994847&amp;pagina=1&amp;resultatenPerPagina=5): failed to open stream: no suitable wrapper could be found in /var/www/html/wp-content/plugins/kvk-company-search/kvk-proxy.php on line 26
[09-Nov-2024 19:03:02 UTC] PHP Notice:  Undefined variable: plaats in /var/www/html/wp-content/plugins/kvk-company-search/kvk-proxy.php on line 21
[09-Nov-2024 19:03:02 UTC] PHP Warning:  file_get_contents(): https:// wrapper is disabled in the server configuration by allow_url_fopen=0 in /var/www/html/wp-content/plugins/kvk-company-search/kvk-proxy.php on line 28
[09-Nov-2024 19:03:02 UTC] PHP Warning:  file_get_contents(https://api.kvk.nl/api/v2/zoeken?plaats=): failed to open stream: no suitable wrapper could be found in /var/www/html/wp-content/plugins/kvk-company-search/kvk-proxy.php on line 28
[09-Nov-2024 19:03:03 UTC] PHP Notice:  Undefined variable: plaats in /var/www/html/wp-content/plugins/kvk-company-search/kvk-proxy.php on line 21
[09-Nov-2024 19:03:03 UTC] PHP Warning:  file_get_contents(): https:// wrapper is disabled in the server configuration by allow_url_fopen=0 in /var/www/html/wp-content/plugins/kvk-company-search/kvk-proxy.php on line 28
[09-Nov-2024 19:03:03 UTC] PHP Warning:  file_get_contents(https://api.kvk.nl/api/v2/zoeken?plaats=): failed to open stream: no suitable wrapper could be found in /var/www/html/wp-content/plugins/kvk-company-search/kvk-proxy.php on line 28
[09-Nov-2024 19:03:03 UTC] PHP Notice:  Undefined variable: plaats in /var/www/html/wp-content/plugins/kvk-company-search/kvk-proxy.php on line 21
[09-Nov-2024 19:03:03 UTC] PHP Warning:  file_get_contents(): https:// wrapper is disabled in the server configuration by allow_url_fopen=0 in /var/www/html/wp-content/plugins/kvk-company-search/kvk-proxy.php on line 28
[09-Nov-2024 19:03:03 UTC] PHP Warning:  file_get_contents(https://api.kvk.nl/api/v2/zoeken?plaats=): failed to open stream: no suitable wrapper could be found in /var/www/html/wp-content/plugins/kvk-company-search/kvk-proxy.php on line 28
